<?xml version="1.0" encoding="UTF-8" ?>
<testsuite errors="0" failures="1" hostname="localhost" name="za.ac.sun.cs.green.EntireSuite" skipped="0" tests="1" time="0.182" timestamp="2018-08-14T08:36:57">
  <properties>
[...]
</properties>
  <testcase classname="za.ac.sun.cs.green.service.simplify.OnlyConstantPropogationTest" name="test00" time="0.024">
    <failure message="expected:&lt;(x==1)&amp;&amp;(([1]+y)==10)&gt; but was:&lt;(x==1)&amp;&amp;(([x]+y)==10)&gt;" type="junit.framework.AssertionFailedError">junit.framework.AssertionFailedError: expected:&lt;(x==1)&amp;&amp;(([1]+y)==10)&gt; but was:&lt;(x==1)&amp;&amp;(([x]+y)==10)&gt;
	at za.ac.sun.cs.green.service.simplify.OnlyConstantPropogationTest.finalCheck(OnlyConstantPropogationTest.java:59)
	at za.ac.sun.cs.green.service.simplify.OnlyConstantPropogationTest.check(OnlyConstantPropogationTest.java:71)
	at za.ac.sun.cs.green.service.simplify.OnlyConstantPropogationTest.test00(OnlyConstantPropogationTest.java:55)
</failure>
  </testcase>
  <system-out><![CDATA[Z3 Not Available, no tests for it will be executed
[20180814 10:36:57][za.ac.sun.cs.green.Green <init>][FINEST] Solver("anonymous1") created
[20180814 10:36:57][za.ac.sun.cs.green.Green registerService][INFO] register service: name="sat", subservice=za.ac.sun.cs.green.service.simplify.ConstantPropagation
[20180814 10:36:57][za.ac.sun.cs.green.Green registerService][INFO] register service: name="za.ac.sun.cs.green.service.simplify.ConstantPropagation", subservice=za.ac.sun.cs.green.service.sink.SinkService
[20180814 10:36:57][za.ac.sun.cs.green.taskmanager.SerialTaskManager process][INFO] processing serviceName="sat"
[20180814 10:36:57][za.ac.sun.cs.green.service.simplify.ConstantPropagation propagate][FINEST] Before Propagation: (x==1)&&((x+y)==10)
-------------------
-------------------
Stack after var push: 
-------------------
-------------------
[x]
-------------------
-------------------
Stack after cons push: 
-------------------
-------------------
[x, 1]
-------------------
-------------------
Stack after var push: 
-------------------
-------------------
[x==1, x]
-------------------
-------------------
Stack after var push: 
-------------------
-------------------
[x==1, x, y]
-------------------
-------------------
Stack after cons push: 
-------------------
-------------------
[x==1, x+y, 10]
-------------------
-------------------
Stack after pop: 
-------------------
-------------------
[]
[20180814 10:36:57][za.ac.sun.cs.green.service.simplify.ConstantPropagation propagate][FINEST] After Propagation: (x==1)&&((x+y)==10)
]]></system-out>
  <system-err><![CDATA[]]></system-err>
</testsuite>
