<?xml version="1.0" encoding="UTF-8" ?>
<testsuite errors="0" failures="0" hostname="localhost" name="za.ac.sun.cs.green.EntireSuite" skipped="1" tests="21" time="0.223" timestamp="2018-07-24T10:35:06">
  <properties>
[...]
</properties>
  <testcase classname="za.ac.sun.cs.green.service.canonizer.SATCanonizerTest" name="test08" time="0.016" />
  <testcase classname="za.ac.sun.cs.green.service.canonizer.SATCanonizerTest" name="test09" time="0.001" />
  <testcase classname="za.ac.sun.cs.green.service.canonizer.SATCanonizerTest" name="test10" time="0.001" />
  <testcase classname="za.ac.sun.cs.green.service.canonizer.SATCanonizerTest" name="test11" time="0.001" />
  <testcase classname="za.ac.sun.cs.green.service.canonizer.SATCanonizerTest" name="test12" time="0.002" />
  <testcase classname="za.ac.sun.cs.green.service.canonizer.SATCanonizerTest" name="test13" time="0.002" />
  <testcase classname="za.ac.sun.cs.green.service.canonizer.SATCanonizerTest" name="test14" time="0.009" />
  <testcase classname="za.ac.sun.cs.green.service.canonizer.SATCanonizerTest" name="test15" time="0.002" />
  <testcase classname="za.ac.sun.cs.green.service.canonizer.SATCanonizerTest" name="test16" time="0.003" />
  <testcase classname="za.ac.sun.cs.green.service.canonizer.SATCanonizerTest" name="test17" time="0.002" />
  <testcase classname="za.ac.sun.cs.green.service.canonizer.SATCanonizerTest" name="test18" time="0.002" />
  <testcase classname="za.ac.sun.cs.green.service.canonizer.SATCanonizerTest" name="test19" time="0.002" />
  <testcase classname="za.ac.sun.cs.green.service.canonizer.SATCanonizerTest" name="test20" time="0.002" />
  <testcase classname="za.ac.sun.cs.green.service.canonizer.SATCanonizerTest" name="test01" time="0.002" />
  <testcase classname="za.ac.sun.cs.green.service.canonizer.SATCanonizerTest" name="test02" time="0.001" />
  <testcase classname="za.ac.sun.cs.green.service.canonizer.SATCanonizerTest" name="test03" time="0.001" />
  <testcase classname="za.ac.sun.cs.green.service.canonizer.SATCanonizerTest" name="test04" time="0.001" />
  <testcase classname="za.ac.sun.cs.green.service.canonizer.SATCanonizerTest" name="test05" time="0.002" />
  <testcase classname="za.ac.sun.cs.green.service.canonizer.SATCanonizerTest" name="test06" time="0.004" />
  <testcase classname="za.ac.sun.cs.green.service.canonizer.SATCanonizerTest" name="test07" time="0.003" />
  <testcase classname="junit.framework.TestSuite" name="za.ac.sun.cs.green.service.z3.SATZ3Test" time="0.0">
    <skipped />
  </testcase>
  <system-out><![CDATA[Z3 Not Available, no tests for it will be executed
[20180724 12:35:06][za.ac.sun.cs.green.Green <init>][FINEST] Solver("anonymous1") created
[20180724 12:35:06][za.ac.sun.cs.green.Green registerService][INFO] register service: name="sat", subservice=za.ac.sun.cs.green.service.slicer.SATSlicerService
[20180724 12:35:06][za.ac.sun.cs.green.Green registerService][INFO] register service: name="za.ac.sun.cs.green.service.slicer.SATSlicerService", subservice=za.ac.sun.cs.green.service.canonizer.SATCanonizerService
[20180724 12:35:06][za.ac.sun.cs.green.Green registerService][INFO] register service: name="za.ac.sun.cs.green.service.canonizer.SATCanonizerService", subservice=za.ac.sun.cs.green.service.sink.SinkService
[20180724 12:35:06][za.ac.sun.cs.green.taskmanager.SerialTaskManager process][INFO] processing serviceName="sat"
[20180724 12:35:06][za.ac.sun.cs.green.service.canonizer.SATCanonizerService canonize][FINEST] Before Canonization: (aa<(bb+cc))&&(bb<(dd+ee))
[20180724 12:35:06][za.ac.sun.cs.green.service.canonizer.SATCanonizerService canonize][FINEST] After Canonization: (((((1*v0)+(-1*v1))+(-1*v2))+1)<=0)&&(((((1*v1)+(-1*v3))+(-1*v4))+1)<=0)
[20180724 12:35:06][za.ac.sun.cs.green.taskmanager.SerialTaskManager process][INFO] processing serviceName="sat"
[20180724 12:35:06][za.ac.sun.cs.green.service.canonizer.SATCanonizerService canonize][FINEST] Before Canonization: (aa+bb)<(aa+cc)
[20180724 12:35:06][za.ac.sun.cs.green.service.canonizer.SATCanonizerService canonize][FINEST] After Canonization: (((1*v0)+(-1*v1))+1)<=0
[20180724 12:35:06][za.ac.sun.cs.green.taskmanager.SerialTaskManager process][INFO] processing serviceName="sat"
[20180724 12:35:06][za.ac.sun.cs.green.service.canonizer.SATCanonizerService canonize][FINEST] Before Canonization: (aa+bb)<(aa-cc)
[20180724 12:35:06][za.ac.sun.cs.green.service.canonizer.SATCanonizerService canonize][FINEST] After Canonization: (((1*v0)+(1*v1))+1)<=0
[20180724 12:35:06][za.ac.sun.cs.green.taskmanager.SerialTaskManager process][INFO] processing serviceName="sat"
[20180724 12:35:06][za.ac.sun.cs.green.service.canonizer.SATCanonizerService canonize][FINEST] Before Canonization: (aa+bb)<(bb-aa)
[20180724 12:35:06][za.ac.sun.cs.green.service.canonizer.SATCanonizerService canonize][FINEST] After Canonization: ((2*v0)+1)<=0
[20180724 12:35:06][za.ac.sun.cs.green.taskmanager.SerialTaskManager process][INFO] processing serviceName="sat"
[20180724 12:35:06][za.ac.sun.cs.green.service.canonizer.SATCanonizerService canonize][FINEST] Before Canonization: ((2+3)*aa)<bb
[20180724 12:35:06][za.ac.sun.cs.green.service.canonizer.SATCanonizerService canonize][FINEST] After Canonization: (((5*v0)+(-1*v1))+1)<=0
[20180724 12:35:06][za.ac.sun.cs.green.taskmanager.SerialTaskManager process][INFO] processing serviceName="sat"
[20180724 12:35:06][za.ac.sun.cs.green.service.canonizer.SATCanonizerService canonize][FINEST] Before Canonization: (aa*(2+3))<bb
[20180724 12:35:06][za.ac.sun.cs.green.service.canonizer.SATCanonizerService canonize][FINEST] After Canonization: (((5*v0)+(-1*v1))+1)<=0
[20180724 12:35:06][za.ac.sun.cs.green.taskmanager.SerialTaskManager process][INFO] processing serviceName="sat"
[20180724 12:35:06][za.ac.sun.cs.green.service.canonizer.SATCanonizerService canonize][FINEST] Before Canonization: ((aa-bb)*2)<aa
[20180724 12:35:06][za.ac.sun.cs.green.service.canonizer.SATCanonizerService canonize][FINEST] After Canonization: (((1*v0)+(-2*v1))+1)<=0
[20180724 12:35:06][za.ac.sun.cs.green.taskmanager.SerialTaskManager process][INFO] processing serviceName="sat"
[20180724 12:35:06][za.ac.sun.cs.green.service.canonizer.SATCanonizerService canonize][FINEST] Before Canonization: (2*(aa-bb))<aa
[20180724 12:35:06][za.ac.sun.cs.green.service.canonizer.SATCanonizerService canonize][FINEST] After Canonization: (((1*v0)+(-2*v1))+1)<=0
[20180724 12:35:06][za.ac.sun.cs.green.taskmanager.SerialTaskManager process][INFO] processing serviceName="sat"
[20180724 12:35:06][za.ac.sun.cs.green.service.canonizer.SATCanonizerService canonize][FINEST] Before Canonization: ((aa*2)+(4*aa))<bb
[20180724 12:35:06][za.ac.sun.cs.green.service.canonizer.SATCanonizerService canonize][FINEST] After Canonization: (((6*v0)+(-1*v1))+1)<=0
[20180724 12:35:06][za.ac.sun.cs.green.taskmanager.SerialTaskManager process][INFO] processing serviceName="sat"
[20180724 12:35:06][za.ac.sun.cs.green.service.canonizer.SATCanonizerService canonize][FINEST] Before Canonization: 2<2
[20180724 12:35:06][za.ac.sun.cs.green.service.canonizer.SATCanonizerService canonize][FINEST] After Canonization: 0==1
[20180724 12:35:06][za.ac.sun.cs.green.taskmanager.SerialTaskManager process][INFO] processing serviceName="sat"
[20180724 12:35:06][za.ac.sun.cs.green.service.canonizer.SATCanonizerService canonize][FINEST] Before Canonization: (2<2)&&(aa<2)
[20180724 12:35:06][za.ac.sun.cs.green.service.canonizer.SATCanonizerService canonize][FINEST] After Canonization: 0==1
[20180724 12:35:06][za.ac.sun.cs.green.taskmanager.SerialTaskManager process][INFO] processing serviceName="sat"
[20180724 12:35:06][za.ac.sun.cs.green.service.canonizer.SATCanonizerService canonize][FINEST] Before Canonization: 2<=2
[20180724 12:35:06][za.ac.sun.cs.green.service.canonizer.SATCanonizerService canonize][FINEST] After Canonization: 0==0
[20180724 12:35:06][za.ac.sun.cs.green.taskmanager.SerialTaskManager process][INFO] processing serviceName="sat"
[20180724 12:35:06][za.ac.sun.cs.green.service.canonizer.SATCanonizerService canonize][FINEST] Before Canonization: (2<=2)&&(aa<2)
[20180724 12:35:06][za.ac.sun.cs.green.service.canonizer.SATCanonizerService canonize][FINEST] After Canonization: ((1*v0)+-1)<=0
[20180724 12:35:06][za.ac.sun.cs.green.taskmanager.SerialTaskManager process][INFO] processing serviceName="sat"
[20180724 12:35:06][za.ac.sun.cs.green.service.canonizer.SATCanonizerService canonize][FINEST] Before Canonization: aa==0
[20180724 12:35:06][za.ac.sun.cs.green.service.canonizer.SATCanonizerService canonize][FINEST] After Canonization: (1*v0)==0
[20180724 12:35:06][za.ac.sun.cs.green.taskmanager.SerialTaskManager process][INFO] processing serviceName="sat"
[20180724 12:35:06][za.ac.sun.cs.green.service.canonizer.SATCanonizerService canonize][FINEST] Before Canonization: (aa==0)&&(bb!=1)
[20180724 12:35:06][za.ac.sun.cs.green.service.canonizer.SATCanonizerService canonize][FINEST] After Canonization: (((1*v0)+-1)!=0)&&((1*v1)==0)
[20180724 12:35:06][za.ac.sun.cs.green.taskmanager.SerialTaskManager process][INFO] processing serviceName="sat"
[20180724 12:35:06][za.ac.sun.cs.green.service.canonizer.SATCanonizerService canonize][FINEST] Before Canonization: aa==0
[20180724 12:35:06][za.ac.sun.cs.green.service.canonizer.SATCanonizerService canonize][FINEST] After Canonization: (1*v0)==0
[20180724 12:35:06][za.ac.sun.cs.green.taskmanager.SerialTaskManager process][INFO] processing serviceName="sat"
[20180724 12:35:06][za.ac.sun.cs.green.service.canonizer.SATCanonizerService canonize][FINEST] Before Canonization: (aa==0)&&(aa!=1)
[20180724 12:35:06][za.ac.sun.cs.green.service.canonizer.SATCanonizerService canonize][FINEST] After Canonization: (((1*v0)+-1)!=0)&&((1*v0)==0)
[20180724 12:35:06][za.ac.sun.cs.green.taskmanager.SerialTaskManager process][INFO] processing serviceName="sat"
[20180724 12:35:06][za.ac.sun.cs.green.service.canonizer.SATCanonizerService canonize][FINEST] Before Canonization: (((aa==bb)&&(bb==cc))&&(cc==dd))&&(dd==ee)
[20180724 12:35:06][za.ac.sun.cs.green.service.canonizer.SATCanonizerService canonize][FINEST] After Canonization: (((((1*v0)+(-1*v1))==0)&&(((1*v1)+(-1*v2))==0))&&(((1*v2)+(-1*v3))==0))&&(((1*v3)+(-1*v4))==0)
[20180724 12:35:06][za.ac.sun.cs.green.taskmanager.SerialTaskManager process][INFO] processing serviceName="sat"
[20180724 12:35:06][za.ac.sun.cs.green.service.canonizer.SATCanonizerService canonize][FINEST] Before Canonization: ((aa==bb)&&(bb==cc))&&(cc==dd)
[20180724 12:35:06][za.ac.sun.cs.green.service.canonizer.SATCanonizerService canonize][FINEST] After Canonization: ((((1*v0)+(-1*v1))==0)&&(((1*v1)+(-1*v2))==0))&&(((1*v2)+(-1*v3))==0)
[20180724 12:35:06][za.ac.sun.cs.green.taskmanager.SerialTaskManager process][INFO] processing serviceName="sat"
[20180724 12:35:06][za.ac.sun.cs.green.service.canonizer.SATCanonizerService canonize][FINEST] Before Canonization: ((aa<(bb+cc))&&(bb<(dd+ee)))&&(cc<(ff+gg))
[20180724 12:35:06][za.ac.sun.cs.green.service.canonizer.SATCanonizerService canonize][FINEST] After Canonization: ((((((1*v0)+(-1*v1))+(-1*v2))+1)<=0)&&(((((1*v1)+(-1*v3))+(-1*v4))+1)<=0))&&(((((1*v2)+(-1*v5))+(-1*v6))+1)<=0)
]]></system-out>
  <system-err><![CDATA[]]></system-err>
</testsuite>
