<?xml version="1.0" encoding="UTF-8" ?>
<testsuites>
  <testsuite errors="1" failures="0" hostname="localhost" id="0" name="EntireSuite" package="za.ac.sun.cs.green" skipped="0" tests="1" time="0.061" timestamp="2018-08-12T15:57:21">
      <properties>
[...]
</properties>

      <testcase classname="za.ac.sun.cs.green.service.simplify.OnlyConstantPropogationTest" name="test00" time="0.011">
          <error type="java.util.EmptyStackException">java.util.EmptyStackException
	at java.util.Stack.peek(Stack.java:102)
	at java.util.Stack.pop(Stack.java:84)
	at za.ac.sun.cs.green.service.simplify.ConstantPropogation$OrderingVisitor.postVisit(ConstantPropogation.java:129)
	at za.ac.sun.cs.green.expr.Operation.accept(Operation.java:205)
	at za.ac.sun.cs.green.service.simplify.ConstantPropogation.canonize(ConstantPropogation.java:65)
	at za.ac.sun.cs.green.service.simplify.ConstantPropogation.processRequest(ConstantPropogation.java:46)
	at za.ac.sun.cs.green.taskmanager.SerialTaskManager.execute0(SerialTaskManager.java:43)
	at za.ac.sun.cs.green.taskmanager.SerialTaskManager.execute(SerialTaskManager.java:29)
	at za.ac.sun.cs.green.taskmanager.SerialTaskManager.process(SerialTaskManager.java:65)
	at za.ac.sun.cs.green.Green.handleRequest(Green.java:253)
	at za.ac.sun.cs.green.Instance.request(Instance.java:64)
	at za.ac.sun.cs.green.service.simplify.OnlyConstantPropogationTest.check(OnlyConstantPropogationTest.java:54)
	at za.ac.sun.cs.green.service.simplify.OnlyConstantPropogationTest.test00(OnlyConstantPropogationTest.java:73)
</error>

      </testcase>

      <system-out><![CDATA[Z3 Not Available, no tests for it will be executed
[20180812 17:57:21][za.ac.sun.cs.green.Green <init>][FINEST] Solver("anonymous1") created
[20180812 17:57:21][za.ac.sun.cs.green.Green registerService][INFO] register service: name="sat", subservice=za.ac.sun.cs.green.service.simplify.ConstantPropogation
[20180812 17:57:21][za.ac.sun.cs.green.Green registerService][INFO] register service: name="za.ac.sun.cs.green.service.simplify.ConstantPropogation", subservice=za.ac.sun.cs.green.service.sink.SinkService
[20180812 17:57:21][za.ac.sun.cs.green.taskmanager.SerialTaskManager process][INFO] processing serviceName="sat"
[20180812 17:57:21][za.ac.sun.cs.green.service.simplify.ConstantPropogation canonize][FINEST] Before Canonization: (x==1)&&((x+y)==10)
Hello World3
Hello World2
]]></system-out>

      <system-err><![CDATA[]]></system-err>

  </testsuite>
</testsuites>
